<?xml version="1.0" encoding="UTF-8" standalone="no"?><testsuite errors="0" failures="0" name="Delete user." skipped="0" tests="6" time="3.63" timestamp="2022-10-16 12:51:11"><testcase name="Delete an user."/><testcase name="Delete an user - App-id not exists in header configuration."/><testcase name="Delete an user - App-id missing in header configuration."/><testcase name="Delete a user with an invalid identification."/><testcase name="Delete a user with an identification deleted previously."/><testcase name="Try to delete some user without user identification."/></testsuite>